TN:
SF:src/modules/appointments/services/CreateAppointmentService.ts
FN:16,CreateAppointmentService
FN:21,execute
FNF:2
FNH:2
FNDA:5,CreateAppointmentService
FNDA:7,execute
DA:1,1
DA:2,1
DA:3,1
DA:4,1
DA:5,1
DA:6,1
DA:7,1
DA:8,1
DA:9,1
DA:10,1
DA:11,1
DA:12,1
DA:13,1
DA:14,1
DA:15,1
DA:16,1
DA:17,5
DA:18,5
DA:19,5
DA:20,1
DA:21,1
DA:22,7
DA:23,7
DA:24,7
DA:25,7
DA:26,7
DA:27,7
DA:28,7
DA:29,3
DA:30,3
DA:31,4
DA:32,4
DA:33,4
DA:34,4
DA:35,4
DA:36,7
DA:37,0
DA:38,0
DA:39,4
DA:40,7
DA:41,1
DA:42,1
DA:43,3
DA:44,7
DA:45,1
DA:46,1
DA:47,1
DA:48,1
DA:49,2
DA:50,2
DA:51,2
DA:52,2
DA:53,2
DA:54,2
DA:55,2
DA:56,2
DA:57,0
DA:58,1
DA:59,1
DA:60,1
LF:60
LH:57
BRDA:16,0,0,5
BRDA:21,1,0,7
BRDA:28,2,0,3
BRDA:31,3,0,4
BRDA:36,4,0,0
BRDA:39,5,0,4
BRDA:40,6,0,1
BRDA:43,7,0,3
BRDA:44,8,0,2
BRDA:44,9,0,1
BRDA:49,10,0,2
BRDA:57,11,0,0
BRF:12
BRH:10
end_of_record
TN:
SF:src/modules/appointments/services/ListProviderDayAvailabilityService.ts
FN:20,ListProviderDayAvailabilityService
FN:25,execute
FNF:2
FNH:2
FNDA:1,ListProviderDayAvailabilityService
FNDA:1,execute
DA:1,1
DA:2,1
DA:3,1
DA:4,1
DA:5,1
DA:6,1
DA:7,1
DA:8,1
DA:9,1
DA:10,1
DA:11,1
DA:12,1
DA:13,1
DA:14,1
DA:15,1
DA:16,1
DA:17,1
DA:18,1
DA:19,1
DA:20,1
DA:21,1
DA:22,1
DA:23,1
DA:24,1
DA:25,1
DA:26,1
DA:27,1
DA:28,1
DA:29,1
DA:30,1
DA:31,1
DA:32,1
DA:33,1
DA:34,1
DA:35,1
DA:36,1
DA:37,1
DA:38,1
DA:39,1
DA:40,1
DA:41,1
DA:42,1
DA:43,1
DA:44,1
DA:45,1
DA:46,1
DA:47,1
DA:48,1
DA:49,1
DA:50,10
DA:51,10
DA:52,10
DA:53,10
DA:54,10
DA:55,10
DA:56,10
DA:57,10
DA:58,10
DA:59,10
DA:60,1
DA:61,1
DA:62,1
DA:63,0
DA:64,1
DA:65,1
DA:66,1
LF:66
LH:65
BRDA:20,0,0,1
BRDA:25,1,0,1
BRDA:63,2,0,0
BRDA:44,3,0,10
BRDA:49,4,0,10
BRDA:58,5,0,8
BRDA:51,6,0,19
BRF:7
BRH:6
end_of_record
TN:
SF:src/modules/appointments/services/ListProviderMonthAvailabilityService.ts
FN:18,ListProviderMonthAvailabilityService
FN:23,execute
FNF:2
FNH:2
FNDA:1,ListProviderMonthAvailabilityService
FNDA:1,execute
DA:1,1
DA:2,1
DA:3,1
DA:4,1
DA:5,1
DA:6,1
DA:7,1
DA:8,1
DA:9,1
DA:10,1
DA:11,1
DA:12,1
DA:13,1
DA:14,1
DA:15,1
DA:16,1
DA:17,1
DA:18,1
DA:19,1
DA:20,1
DA:21,1
DA:22,1
DA:23,1
DA:24,1
DA:25,1
DA:26,1
DA:27,1
DA:28,1
DA:29,1
DA:30,1
DA:31,1
DA:32,1
DA:33,1
DA:34,1
DA:35,1
DA:36,31
DA:37,341
DA:38,31
DA:39,31
DA:40,31
DA:41,31
DA:42,31
DA:43,31
DA:44,1
DA:45,1
DA:46,1
DA:47,0
DA:48,1
LF:48
LH:47
BRDA:18,0,0,1
BRDA:23,1,0,1
BRDA:47,2,0,0
BRDA:32,3,0,31
BRDA:35,4,0,31
BRDA:36,5,0,341
BRF:6
BRH:5
end_of_record
TN:
SF:src/modules/appointments/services/ListProvidersService.ts
FN:12,ListProviderService
FN:17,execute
FNF:2
FNH:2
FNDA:1,ListProviderService
FNDA:1,execute
DA:1,1
DA:2,1
DA:3,1
DA:4,1
DA:5,1
DA:6,1
DA:7,1
DA:8,1
DA:9,1
DA:10,1
DA:11,1
DA:12,1
DA:13,1
DA:14,1
DA:15,1
DA:16,1
DA:17,1
DA:18,1
DA:19,1
DA:20,1
DA:21,1
DA:22,1
DA:23,0
DA:24,1
LF:24
LH:23
BRDA:12,0,0,1
BRDA:17,1,0,1
BRDA:23,2,0,0
BRF:3
BRH:2
end_of_record
TN:
SF:src/modules/users/services/AuthenticateUserService.ts
FN:24,AuthenticateUserService
FN:32,execute
FNF:2
FNH:2
FNDA:3,AuthenticateUserService
FNDA:3,execute
DA:1,1
DA:2,1
DA:3,1
DA:4,1
DA:5,1
DA:6,1
DA:7,1
DA:8,1
DA:9,1
DA:10,1
DA:11,1
DA:12,1
DA:13,1
DA:14,1
DA:15,1
DA:16,1
DA:17,1
DA:18,1
DA:19,1
DA:20,1
DA:21,1
DA:22,1
DA:23,1
DA:24,1
DA:25,3
DA:26,3
DA:27,3
DA:28,3
DA:29,3
DA:30,3
DA:31,1
DA:32,1
DA:33,3
DA:34,3
DA:35,3
DA:36,1
DA:37,1
DA:38,2
DA:39,2
DA:40,2
DA:41,2
DA:42,2
DA:43,2
DA:44,3
DA:45,1
DA:46,1
DA:47,1
DA:48,1
DA:49,1
DA:50,1
DA:51,1
DA:52,1
DA:53,1
DA:54,1
DA:55,1
DA:56,1
DA:57,0
DA:58,1
DA:59,1
DA:60,1
LF:60
LH:59
BRDA:24,0,0,3
BRDA:32,1,0,3
BRDA:35,2,0,1
BRDA:38,3,0,2
BRDA:44,4,0,1
BRDA:57,5,0,0
BRF:6
BRH:5
end_of_record
TN:
SF:src/modules/users/services/CreateUserService.ts
FN:16,CreateUserService
FN:24,execute
FNF:2
FNH:2
FNDA:4,CreateUserService
FNDA:5,execute
DA:1,1
DA:2,1
DA:3,1
DA:4,1
DA:5,1
DA:6,1
DA:7,1
DA:8,1
DA:9,1
DA:10,1
DA:11,1
DA:12,1
DA:13,1
DA:14,1
DA:15,1
DA:16,1
DA:17,4
DA:18,4
DA:19,4
DA:20,4
DA:21,4
DA:22,4
DA:23,1
DA:24,1
DA:25,5
DA:26,5
DA:27,5
DA:28,1
DA:29,1
DA:30,4
DA:31,4
DA:32,4
DA:33,4
DA:34,4
DA:35,4
DA:36,4
DA:37,4
DA:38,4
DA:39,4
DA:40,0
DA:41,1
DA:42,1
DA:43,1
LF:43
LH:42
BRDA:16,0,0,4
BRDA:24,1,0,5
BRDA:27,2,0,1
BRDA:30,3,0,4
BRDA:40,4,0,0
BRF:5
BRH:4
end_of_record
TN:
SF:src/modules/users/services/ResetPasswordService.ts
FN:17,ResetPasswordService
FN:28,execute
FNF:2
FNH:2
FNDA:4,ResetPasswordService
FNDA:4,execute
DA:1,1
DA:2,1
DA:3,1
DA:4,1
DA:5,1
DA:6,1
DA:7,1
DA:8,1
DA:9,1
DA:10,1
DA:11,1
DA:12,1
DA:13,1
DA:14,1
DA:15,1
DA:16,1
DA:17,1
DA:18,4
DA:19,4
DA:20,4
DA:21,4
DA:22,4
DA:23,4
DA:24,4
DA:25,4
DA:26,4
DA:27,1
DA:28,1
DA:29,4
DA:30,4
DA:31,4
DA:32,1
DA:33,1
DA:34,3
DA:35,3
DA:36,3
DA:37,4
DA:38,1
DA:39,1
DA:40,2
DA:41,2
DA:42,2
DA:43,4
DA:44,1
DA:45,1
DA:46,1
DA:47,1
DA:48,1
DA:49,1
DA:50,1
DA:51,1
LF:51
LH:51
BRDA:17,0,0,4
BRDA:28,1,0,4
BRDA:31,2,0,1
BRDA:34,3,0,3
BRDA:37,4,0,1
BRDA:40,5,0,2
BRDA:43,6,0,1
BRF:7
BRH:7
end_of_record
TN:
SF:src/modules/users/services/SendForgotPasswordEmailService.ts
FN:16,SendForgotPasswordEmailService
FN:27,execute
FNF:2
FNH:2
FNDA:3,SendForgotPasswordEmailService
FNDA:3,execute
DA:1,1
DA:2,1
DA:3,1
DA:4,1
DA:5,1
DA:6,1
DA:7,1
DA:8,1
DA:9,1
DA:10,1
DA:11,1
DA:12,1
DA:13,1
DA:14,1
DA:15,1
DA:16,1
DA:17,3
DA:18,3
DA:19,3
DA:20,3
DA:21,3
DA:22,3
DA:23,3
DA:24,3
DA:25,3
DA:26,1
DA:27,1
DA:28,3
DA:29,3
DA:30,3
DA:31,1
DA:32,1
DA:33,2
DA:34,2
DA:35,2
DA:36,2
DA:37,2
DA:38,2
DA:39,2
DA:40,2
DA:41,2
DA:42,2
DA:43,2
DA:44,2
DA:45,2
DA:46,2
DA:47,2
DA:48,2
DA:49,2
DA:50,2
DA:51,1
LF:51
LH:51
BRDA:16,0,0,3
BRDA:27,1,0,3
BRDA:30,2,0,1
BRDA:33,3,0,2
BRF:4
BRH:4
end_of_record
TN:
SF:src/modules/users/services/ShowProfileService.ts
FN:13,ShowProfileService
FN:18,execute
FNF:2
FNH:2
FNDA:2,ShowProfileService
FNDA:2,execute
DA:1,1
DA:2,1
DA:3,1
DA:4,1
DA:5,1
DA:6,1
DA:7,1
DA:8,1
DA:9,1
DA:10,1
DA:11,1
DA:12,1
DA:13,1
DA:14,2
DA:15,2
DA:16,2
DA:17,1
DA:18,1
DA:19,2
DA:20,2
DA:21,2
DA:22,1
DA:23,1
DA:24,1
DA:25,1
DA:26,0
DA:27,1
LF:27
LH:26
BRDA:13,0,0,2
BRDA:18,1,0,2
BRDA:21,2,0,1
BRDA:26,3,0,0
BRF:4
BRH:3
end_of_record
TN:
SF:src/modules/users/services/UpdateProfileService.ts
FN:18,UpdateProfileService
FN:26,execute
FNF:2
FNH:2
FNDA:6,UpdateProfileService
FNDA:6,execute
DA:1,1
DA:2,1
DA:3,1
DA:4,1
DA:5,1
DA:6,1
DA:7,1
DA:8,1
DA:9,1
DA:10,1
DA:11,1
DA:12,1
DA:13,1
DA:14,1
DA:15,1
DA:16,1
DA:17,1
DA:18,1
DA:19,6
DA:20,6
DA:21,6
DA:22,6
DA:23,6
DA:24,6
DA:25,1
DA:26,1
DA:27,6
DA:28,6
DA:29,6
DA:30,6
DA:31,6
DA:32,6
DA:33,6
DA:34,6
DA:35,6
DA:36,1
DA:37,1
DA:38,5
DA:39,5
DA:40,5
DA:41,6
DA:42,1
DA:43,1
DA:44,4
DA:45,4
DA:46,4
DA:47,4
DA:48,6
DA:49,1
DA:50,1
DA:51,1
DA:52,1
DA:53,3
DA:54,6
DA:55,2
DA:56,2
DA:57,2
DA:58,2
DA:59,2
DA:60,2
DA:61,1
DA:62,1
DA:63,1
DA:64,1
DA:65,1
DA:66,2
DA:67,2
DA:68,0
DA:69,1
LF:69
LH:68
BRDA:18,0,0,6
BRDA:26,1,0,6
BRDA:35,2,0,1
BRDA:38,3,0,5
BRDA:41,4,0,2
BRDA:41,5,0,1
BRDA:44,6,0,4
BRDA:48,7,0,3
BRDA:48,8,0,1
BRDA:53,9,0,3
BRDA:54,10,0,2
BRDA:54,11,0,2
BRDA:60,12,0,1
BRDA:68,13,0,0
BRF:14
BRH:13
end_of_record
TN:
SF:src/modules/users/services/UpdateUserAvatarService.ts
FN:19,UpdateUserAvatarService
FN:26,execute
FNF:2
FNH:2
FNDA:3,UpdateUserAvatarService
FNDA:4,execute
DA:1,1
DA:2,1
DA:3,1
DA:4,1
DA:5,1
DA:6,1
DA:7,1
DA:8,1
DA:9,1
DA:10,1
DA:11,1
DA:12,1
DA:13,1
DA:14,1
DA:15,1
DA:16,1
DA:17,1
DA:18,1
DA:19,1
DA:20,3
DA:21,3
DA:22,3
DA:23,3
DA:24,3
DA:25,1
DA:26,1
DA:27,4
DA:28,4
DA:29,4
DA:30,1
DA:31,1
DA:32,3
DA:33,4
DA:34,1
DA:35,1
DA:36,3
DA:37,3
DA:38,3
DA:39,3
DA:40,3
DA:41,3
DA:42,3
DA:43,3
DA:44,0
DA:45,1
DA:46,1
DA:47,1
LF:47
LH:46
BRDA:19,0,0,3
BRDA:26,1,0,4
BRDA:29,2,0,1
BRDA:32,3,0,3
BRDA:33,4,0,1
BRDA:36,5,0,3
BRDA:44,6,0,0
BRF:7
BRH:6
end_of_record
